<?xml version="1.0" encoding="UTF-8"?>
<!-- Generated by org.testng.reporters.JUnitReportReporter -->
<testsuite hostname="LAPTOP-B9TEFLB6" failures="0" tests="1" name="com.Evaluacion.Test.NewTest" time="0.005" errors="0" timestamp="2022-01-10T13:33:53 CLST" skipped="0">
  <testcase classname="com.Evaluacion.Test.NewTest" name="f" time="0.005"/>
  <system-out/>
</testsuite> <!-- com.Evaluacion.Test.NewTest -->
