<?xml version="1.0" encoding="UTF-8"?>
<!-- Generated by org.testng.reporters.JUnitReportReporter -->
<testsuite hostname="LAPTOP-B9TEFLB6" failures="0" tests="1" name="com.Evaluacion.Test.NewTest" time="0.007" errors="0" timestamp="10 Jan 2022 16:33:15 GMT" skipped="0">
  <testcase classname="com.Evaluacion.Test.NewTest" name="f" time="0.007"/>
</testsuite> <!-- com.Evaluacion.Test.NewTest -->
